<?xml version="1.0" encoding="UTF-8"?>
<coverage generated="1651462497456" clover="3.2.0">
  <project timestamp="1651462497456" name="All files">
    <metrics statements="110" coveredstatements="104" conditionals="28" coveredconditionals="24" methods="12" coveredmethods="11" elements="150" coveredelements="139" complexity="0" loc="110" ncloc="110" packages="7" files="8" classes="8"/>
    <package name="hotel-booking">
      <metrics statements="15" coveredstatements="12" conditionals="2" coveredconditionals="0" methods="2" coveredmethods="1"/>
      <file name="app.js" path="D:\lichang_web\JavaScript(42G)\Nodejs\hotel-booking\app.js">
        <metrics statements="15" coveredstatements="12" conditionals="2" coveredconditionals="0" methods="2" coveredmethods="1"/>
        <line num="1" count="1" type="stmt"/>
        <line num="2" count="1" type="stmt"/>
        <line num="3" count="1" type="stmt"/>
        <line num="4" count="1" type="stmt"/>
        <line num="5" count="1" type="stmt"/>
        <line num="6" count="1" type="stmt"/>
        <line num="8" count="1" type="stmt"/>
        <line num="9" count="10" type="stmt"/>
        <line num="10" count="10" type="stmt"/>
        <line num="12" count="1" type="stmt"/>
        <line num="13" count="0" type="cond" truecount="0" falsecount="2"/>
        <line num="14" count="0" type="stmt"/>
        <line num="15" count="0" type="stmt"/>
        <line num="20" count="1" type="stmt"/>
        <line num="22" count="1" type="stmt"/>
      </file>
    </package>
    <package name="hotel-booking.API.controllers">
      <metrics statements="43" coveredstatements="41" conditionals="12" coveredconditionals="10" methods="5" coveredmethods="5"/>
      <file name="presidential.controller.js" path="D:\lichang_web\JavaScript(42G)\Nodejs\hotel-booking\API\controllers\presidential.controller.js">
        <metrics statements="43" coveredstatements="41" conditionals="12" coveredconditionals="10" methods="5" coveredmethods="5"/>
        <line num="1" count="1" type="stmt"/>
        <line num="2" count="1" type="stmt"/>
        <line num="3" count="1" type="stmt"/>
        <line num="5" count="1" type="stmt"/>
        <line num="17" count="1" type="stmt"/>
        <line num="18" count="2" type="stmt"/>
        <line num="19" count="2" type="stmt"/>
        <line num="20" count="2" type="stmt"/>
        <line num="21" count="2" type="cond" truecount="2" falsecount="0"/>
        <line num="22" count="1" type="stmt"/>
        <line num="25" count="1" type="stmt"/>
        <line num="26" count="1" type="stmt"/>
        <line num="30" count="1" type="stmt"/>
        <line num="32" count="1" type="stmt"/>
        <line num="33" count="1" type="cond" truecount="1" falsecount="1"/>
        <line num="34" count="0" type="stmt"/>
        <line num="36" count="1" type="stmt"/>
        <line num="40" count="1" type="stmt"/>
        <line num="41" count="3" type="stmt"/>
        <line num="42" count="3" type="stmt"/>
        <line num="44" count="3" type="stmt"/>
        <line num="45" count="3" type="cond" truecount="2" falsecount="0"/>
        <line num="46" count="1" type="stmt"/>
        <line num="49" count="3" type="stmt"/>
        <line num="50" count="2" type="cond" truecount="2" falsecount="0"/>
        <line num="51" count="1" type="stmt"/>
        <line num="57" count="1" type="stmt"/>
        <line num="59" count="2" type="stmt"/>
        <line num="61" count="2" type="stmt"/>
        <line num="65" count="1" type="stmt"/>
        <line num="66" count="2" type="stmt"/>
        <line num="67" count="2" type="stmt"/>
        <line num="68" count="2" type="stmt"/>
        <line num="70" count="2" type="cond" truecount="1" falsecount="1"/>
        <line num="71" count="0" type="stmt"/>
        <line num="75" count="2" type="stmt"/>
        <line num="76" count="2" type="cond" truecount="2" falsecount="0"/>
        <line num="77" count="1" type="stmt"/>
        <line num="83" count="1" type="stmt"/>
        <line num="84" count="1" type="stmt"/>
        <line num="86" count="1" type="stmt"/>
        <line num="88" count="1" type="stmt"/>
        <line num="92" count="1" type="stmt"/>
      </file>
    </package>
    <package name="hotel-booking.API.routes">
      <metrics statements="19" coveredstatements="19" conditionals="0" coveredconditionals="0" methods="3" coveredmethods="3"/>
      <file name="index.js" path="D:\lichang_web\JavaScript(42G)\Nodejs\hotel-booking\API\routes\index.js">
        <metrics statements="9" coveredstatements="9" conditionals="0" coveredconditionals="0" methods="2" coveredmethods="2"/>
        <line num="1" count="1" type="stmt"/>
        <line num="2" count="1" type="stmt"/>
        <line num="3" count="1" type="stmt"/>
        <line num="5" count="1" type="stmt"/>
        <line num="6" count="1" type="stmt"/>
        <line num="8" count="1" type="stmt"/>
        <line num="9" count="1" type="stmt"/>
        <line num="10" count="1" type="stmt"/>
        <line num="12" count="1" type="stmt"/>
      </file>
      <file name="presidential.route.js" path="D:\lichang_web\JavaScript(42G)\Nodejs\hotel-booking\API\routes\presidential.route.js">
        <metrics statements="10" coveredstatements="10" conditionals="0" coveredconditionals="0" methods="1" coveredmethods="1"/>
        <line num="1" count="1" type="stmt"/>
        <line num="2" count="1" type="stmt"/>
        <line num="8" count="1" type="stmt"/>
        <line num="10" count="1" type="stmt"/>
        <line num="11" count="1" type="stmt"/>
        <line num="12" count="1" type="stmt"/>
        <line num="15" count="1" type="stmt"/>
        <line num="17" count="1" type="stmt"/>
        <line num="19" count="1" type="stmt"/>
        <line num="21" count="1" type="stmt"/>
      </file>
    </package>
    <package name="hotel-booking.config">
      <metrics statements="3" coveredstatements="3" conditionals="0" coveredconditionals="0" methods="0" coveredmethods="0"/>
      <file name="index.js" path="D:\lichang_web\JavaScript(42G)\Nodejs\hotel-booking\config\index.js">
        <metrics statements="3" coveredstatements="3" conditionals="0" coveredconditionals="0" methods="0" coveredmethods="0"/>
        <line num="1" count="2" type="stmt"/>
        <line num="2" count="2" type="stmt"/>
        <line num="3" count="2" type="stmt"/>
      </file>
    </package>
    <package name="hotel-booking.error-handling">
      <metrics statements="5" coveredstatements="5" conditionals="0" coveredconditionals="0" methods="1" coveredmethods="1"/>
      <file name="errorHandler.js" path="D:\lichang_web\JavaScript(42G)\Nodejs\hotel-booking\error-handling\errorHandler.js">
        <metrics statements="5" coveredstatements="5" conditionals="0" coveredconditionals="0" methods="1" coveredmethods="1"/>
        <line num="1" count="2" type="stmt"/>
        <line num="2" count="2" type="stmt"/>
        <line num="3" count="4" type="stmt"/>
        <line num="5" count="4" type="stmt"/>
        <line num="8" count="2" type="stmt"/>
      </file>
    </package>
    <package name="hotel-booking.model">
      <metrics statements="4" coveredstatements="4" conditionals="0" coveredconditionals="0" methods="0" coveredmethods="0"/>
      <file name="reservation.js" path="D:\lichang_web\JavaScript(42G)\Nodejs\hotel-booking\model\reservation.js">
        <metrics statements="4" coveredstatements="4" conditionals="0" coveredconditionals="0" methods="0" coveredmethods="0"/>
        <line num="1" count="2" type="stmt"/>
        <line num="3" count="2" type="stmt"/>
        <line num="5" count="2" type="stmt"/>
        <line num="28" count="2" type="stmt"/>
      </file>
    </package>
    <package name="hotel-booking.utils">
      <metrics statements="21" coveredstatements="20" conditionals="14" coveredconditionals="14" methods="1" coveredmethods="1"/>
      <file name="isValid.js" path="D:\lichang_web\JavaScript(42G)\Nodejs\hotel-booking\utils\isValid.js">
        <metrics statements="21" coveredstatements="20" conditionals="14" coveredconditionals="14" methods="1" coveredmethods="1"/>
        <line num="1" count="2" type="stmt"/>
        <line num="2" count="2" type="stmt"/>
        <line num="3" count="2" type="stmt"/>
        <line num="4" count="2" type="stmt"/>
        <line num="5" count="2" type="stmt"/>
        <line num="6" count="23" type="stmt"/>
        <line num="7" count="23" type="stmt"/>
        <line num="8" count="23" type="cond" truecount="2" falsecount="0"/>
        <line num="10" count="18" type="stmt"/>
        <line num="13" count="5" type="stmt"/>
        <line num="14" count="5" type="cond" truecount="2" falsecount="0"/>
        <line num="18" count="2" type="stmt"/>
        <line num="23" count="3" type="cond" truecount="2" falsecount="0"/>
        <line num="27" count="1" type="stmt"/>
        <line num="35" count="2" type="stmt"/>
        <line num="40" count="2" type="cond" truecount="4" falsecount="0"/>
        <line num="41" count="1" type="stmt"/>
        <line num="42" count="1" type="stmt"/>
        <line num="44" count="1" type="stmt"/>
        <line num="47" count="0" type="stmt"/>
        <line num="51" count="2" type="stmt"/>
      </file>
    </package>
  </project>
</coverage>
