{"D:\\lichang_web\\JavaScript(42G)\\Nodejs\\hotel-booking\\app.js": {"path":"D:\\lichang_web\\JavaScript(42G)\\Nodejs\\hotel-booking\\app.js","statementMap":{"0":{"start":{"line":1,"column":16},"end":{"line":1,"column":34}},"1":{"start":{"line":2,"column":19},"end":{"line":2,"column":41}},"2":{"start":{"line":3,"column":12},"end":{"line":3,"column":21}},"3":{"start":{"line":4,"column":19},"end":{"line":4,"column":42}},"4":{"start":{"line":5,"column":25},"end":{"line":5,"column":65}},"5":{"start":{"line":6,"column":0},"end":{"line":6,"column":26}},"6":{"start":{"line":8,"column":0},"end":{"line":11,"column":2}},"7":{"start":{"line":9,"column":2},"end":{"line":9,"column":41}},"8":{"start":{"line":10,"column":2},"end":{"line":10,"column":8}},"9":{"start":{"line":12,"column":0},"end":{"line":18,"column":2}},"10":{"start":{"line":13,"column":2},"end":{"line":16,"column":3}},"11":{"start":{"line":14,"column":4},"end":{"line":14,"column":21}},"12":{"start":{"line":15,"column":4},"end":{"line":15,"column":51}},"13":{"start":{"line":20,"column":0},"end":{"line":20,"column":24}},"14":{"start":{"line":22,"column":0},"end":{"line":22,"column":20}}},"fnMap":{"0":{"name":"(anonymous_0)","decl":{"start":{"line":8,"column":8},"end":{"line":8,"column":9}},"loc":{"start":{"line":8,"column":28},"end":{"line":11,"column":1}},"line":8},"1":{"name":"(anonymous_1)","decl":{"start":{"line":12,"column":8},"end":{"line":12,"column":9}},"loc":{"start":{"line":12,"column":33},"end":{"line":18,"column":1}},"line":12}},"branchMap":{"0":{"loc":{"start":{"line":13,"column":2},"end":{"line":16,"column":3}},"type":"if","locations":[{"start":{"line":13,"column":2},"end":{"line":16,"column":3}},{"start":{},"end":{}}],"line":13}},"s":{"0":1,"1":1,"2":1,"3":1,"4":1,"5":1,"6":1,"7":10,"8":10,"9":1,"10":0,"11":0,"12":0,"13":1,"14":1},"f":{"0":10,"1":0},"b":{"0":[0,0]},"_coverageSchema":"1a1c01bbd47fc00a2c39e90264f33305004495a9","hash":"5b026d7200837be87b71a736f3ca140946f05d09"}
,"D:\\lichang_web\\JavaScript(42G)\\Nodejs\\hotel-booking\\API\\controllers\\presidential.controller.js": {"path":"D:\\lichang_web\\JavaScript(42G)\\Nodejs\\hotel-booking\\API\\controllers\\presidential.controller.js","statementMap":{"0":{"start":{"line":1,"column":25},"end":{"line":1,"column":69}},"1":{"start":{"line":2,"column":20},"end":{"line":2,"column":50}},"2":{"start":{"line":3,"column":21},"end":{"line":3,"column":55}},"3":{"start":{"line":5,"column":19},"end":{"line":15,"column":1}},"4":{"start":{"line":17,"column":24},"end":{"line":38,"column":1}},"5":{"start":{"line":18,"column":2},"end":{"line":37,"column":3}},"6":{"start":{"line":19,"column":12},"end":{"line":19,"column":20}},"7":{"start":{"line":20,"column":17},"end":{"line":20,"column":47}},"8":{"start":{"line":21,"column":4},"end":{"line":23,"column":5}},"9":{"start":{"line":22,"column":6},"end":{"line":22,"column":18}},"10":{"start":{"line":25,"column":4},"end":{"line":25,"column":29}},"11":{"start":{"line":26,"column":19},"end":{"line":29,"column":5}},"12":{"start":{"line":30,"column":4},"end":{"line":30,"column":34}},"13":{"start":{"line":32,"column":4},"end":{"line":32,"column":25}},"14":{"start":{"line":33,"column":4},"end":{"line":35,"column":5}},"15":{"start":{"line":34,"column":6},"end":{"line":34,"column":45}},"16":{"start":{"line":36,"column":4},"end":{"line":36,"column":27}},"17":{"start":{"line":40,"column":23},"end":{"line":63,"column":1}},"18":{"start":{"line":41,"column":2},"end":{"line":62,"column":3}},"19":{"start":{"line":42,"column":15},"end":{"line":42,"column":34}},"20":{"start":{"line":44,"column":13},"end":{"line":44,"column":34}},"21":{"start":{"line":45,"column":4},"end":{"line":47,"column":5}},"22":{"start":{"line":46,"column":6},"end":{"line":46,"column":20}},"23":{"start":{"line":49,"column":19},"end":{"line":49,"column":71}},"24":{"start":{"line":49,"column":55},"end":{"line":49,"column":70}},"25":{"start":{"line":50,"column":4},"end":{"line":56,"column":5}},"26":{"start":{"line":51,"column":6},"end":{"line":51,"column":53}},"27":{"start":{"line":57,"column":4},"end":{"line":57,"column":32}},"28":{"start":{"line":59,"column":4},"end":{"line":59,"column":19}},"29":{"start":{"line":61,"column":4},"end":{"line":61,"column":27}},"30":{"start":{"line":65,"column":26},"end":{"line":90,"column":1}},"31":{"start":{"line":66,"column":2},"end":{"line":89,"column":3}},"32":{"start":{"line":67,"column":15},"end":{"line":67,"column":34}},"33":{"start":{"line":68,"column":13},"end":{"line":68,"column":34}},"34":{"start":{"line":70,"column":4},"end":{"line":74,"column":5}},"35":{"start":{"line":71,"column":6},"end":{"line":71,"column":20}},"36":{"start":{"line":75,"column":18},"end":{"line":75,"column":75}},"37":{"start":{"line":75,"column":59},"end":{"line":75,"column":74}},"38":{"start":{"line":76,"column":4},"end":{"line":82,"column":5}},"39":{"start":{"line":77,"column":6},"end":{"line":77,"column":53}},"40":{"start":{"line":83,"column":4},"end":{"line":83,"column":33}},"41":{"start":{"line":84,"column":4},"end":{"line":84,"column":56}},"42":{"start":{"line":86,"column":4},"end":{"line":86,"column":19}},"43":{"start":{"line":88,"column":4},"end":{"line":88,"column":27}},"44":{"start":{"line":92,"column":0},"end":{"line":92,"column":71}}},"fnMap":{"0":{"name":"(anonymous_0)","decl":{"start":{"line":17,"column":24},"end":{"line":17,"column":25}},"loc":{"start":{"line":17,"column":44},"end":{"line":38,"column":1}},"line":17},"1":{"name":"(anonymous_1)","decl":{"start":{"line":40,"column":23},"end":{"line":40,"column":24}},"loc":{"start":{"line":40,"column":43},"end":{"line":63,"column":1}},"line":40},"2":{"name":"(anonymous_2)","decl":{"start":{"line":49,"column":43},"end":{"line":49,"column":44}},"loc":{"start":{"line":49,"column":55},"end":{"line":49,"column":70}},"line":49},"3":{"name":"(anonymous_3)","decl":{"start":{"line":65,"column":26},"end":{"line":65,"column":27}},"loc":{"start":{"line":65,"column":46},"end":{"line":90,"column":1}},"line":65},"4":{"name":"(anonymous_4)","decl":{"start":{"line":75,"column":47},"end":{"line":75,"column":48}},"loc":{"start":{"line":75,"column":59},"end":{"line":75,"column":74}},"line":75}},"branchMap":{"0":{"loc":{"start":{"line":21,"column":4},"end":{"line":23,"column":5}},"type":"if","locations":[{"start":{"line":21,"column":4},"end":{"line":23,"column":5}},{"start":{},"end":{}}],"line":21},"1":{"loc":{"start":{"line":33,"column":4},"end":{"line":35,"column":5}},"type":"if","locations":[{"start":{"line":33,"column":4},"end":{"line":35,"column":5}},{"start":{},"end":{}}],"line":33},"2":{"loc":{"start":{"line":45,"column":4},"end":{"line":47,"column":5}},"type":"if","locations":[{"start":{"line":45,"column":4},"end":{"line":47,"column":5}},{"start":{},"end":{}}],"line":45},"3":{"loc":{"start":{"line":50,"column":4},"end":{"line":56,"column":5}},"type":"if","locations":[{"start":{"line":50,"column":4},"end":{"line":56,"column":5}},{"start":{},"end":{}}],"line":50},"4":{"loc":{"start":{"line":70,"column":4},"end":{"line":74,"column":5}},"type":"if","locations":[{"start":{"line":70,"column":4},"end":{"line":74,"column":5}},{"start":{},"end":{}}],"line":70},"5":{"loc":{"start":{"line":76,"column":4},"end":{"line":82,"column":5}},"type":"if","locations":[{"start":{"line":76,"column":4},"end":{"line":82,"column":5}},{"start":{},"end":{}}],"line":76}},"s":{"0":1,"1":1,"2":1,"3":1,"4":1,"5":2,"6":2,"7":2,"8":2,"9":1,"10":1,"11":1,"12":1,"13":1,"14":1,"15":0,"16":1,"17":1,"18":3,"19":3,"20":3,"21":3,"22":1,"23":2,"24":3,"25":2,"26":1,"27":1,"28":2,"29":2,"30":1,"31":2,"32":2,"33":2,"34":2,"35":0,"36":2,"37":2,"38":2,"39":1,"40":1,"41":1,"42":1,"43":1,"44":1},"f":{"0":2,"1":3,"2":3,"3":2,"4":2},"b":{"0":[1,1],"1":[0,1],"2":[1,2],"3":[1,1],"4":[0,2],"5":[1,1]},"_coverageSchema":"1a1c01bbd47fc00a2c39e90264f33305004495a9","hash":"4dd1e61fd1edb089fc557101d44ae20bd37b012a"}
,"D:\\lichang_web\\JavaScript(42G)\\Nodejs\\hotel-booking\\API\\routes\\index.js": {"path":"D:\\lichang_web\\JavaScript(42G)\\Nodejs\\hotel-booking\\API\\routes\\index.js","statementMap":{"0":{"start":{"line":1,"column":16},"end":{"line":1,"column":34}},"1":{"start":{"line":2,"column":19},"end":{"line":2,"column":35}},"2":{"start":{"line":3,"column":27},"end":{"line":3,"column":58}},"3":{"start":{"line":5,"column":0},"end":{"line":7,"column":2}},"4":{"start":{"line":6,"column":2},"end":{"line":6,"column":50}},"5":{"start":{"line":8,"column":0},"end":{"line":8,"column":63}},"6":{"start":{"line":9,"column":0},"end":{"line":11,"column":2}},"7":{"start":{"line":10,"column":2},"end":{"line":10,"column":47}},"8":{"start":{"line":12,"column":0},"end":{"line":12,"column":27}}},"fnMap":{"0":{"name":"(anonymous_0)","decl":{"start":{"line":5,"column":20},"end":{"line":5,"column":21}},"loc":{"start":{"line":5,"column":34},"end":{"line":7,"column":1}},"line":5},"1":{"name":"(anonymous_1)","decl":{"start":{"line":9,"column":21},"end":{"line":9,"column":22}},"loc":{"start":{"line":9,"column":35},"end":{"line":11,"column":1}},"line":9}},"branchMap":{},"s":{"0":1,"1":1,"2":1,"3":1,"4":1,"5":1,"6":1,"7":1,"8":1},"f":{"0":1,"1":1},"b":{},"_coverageSchema":"1a1c01bbd47fc00a2c39e90264f33305004495a9","hash":"f311d8c56c737e8cc7901778603b7afa73ca7d26"}
,"D:\\lichang_web\\JavaScript(42G)\\Nodejs\\hotel-booking\\API\\routes\\presidential.route.js": {"path":"D:\\lichang_web\\JavaScript(42G)\\Nodejs\\hotel-booking\\API\\routes\\presidential.route.js","statementMap":{"0":{"start":{"line":1,"column":16},"end":{"line":1,"column":34}},"1":{"start":{"line":2,"column":15},"end":{"line":2,"column":31}},"2":{"start":{"line":8,"column":4},"end":{"line":8,"column":53}},"3":{"start":{"line":10,"column":19},"end":{"line":10,"column":35}},"4":{"start":{"line":11,"column":0},"end":{"line":13,"column":2}},"5":{"start":{"line":12,"column":2},"end":{"line":12,"column":53}},"6":{"start":{"line":15,"column":0},"end":{"line":15,"column":33}},"7":{"start":{"line":17,"column":0},"end":{"line":17,"column":40}},"8":{"start":{"line":19,"column":0},"end":{"line":19,"column":46}},"9":{"start":{"line":21,"column":0},"end":{"line":21,"column":23}}},"fnMap":{"0":{"name":"(anonymous_0)","decl":{"start":{"line":11,"column":16},"end":{"line":11,"column":17}},"loc":{"start":{"line":11,"column":30},"end":{"line":13,"column":1}},"line":11}},"branchMap":{},"s":{"0":1,"1":1,"2":1,"3":1,"4":1,"5":1,"6":1,"7":1,"8":1,"9":1},"f":{"0":1},"b":{},"_coverageSchema":"1a1c01bbd47fc00a2c39e90264f33305004495a9","hash":"3f262b25ca806e7cb5b6df0156f04932009dd3e9"}
,"D:\\lichang_web\\JavaScript(42G)\\Nodejs\\hotel-booking\\config\\index.js": {"path":"D:\\lichang_web\\JavaScript(42G)\\Nodejs\\hotel-booking\\config\\index.js","statementMap":{"0":{"start":{"line":1,"column":15},"end":{"line":1,"column":32}},"1":{"start":{"line":2,"column":0},"end":{"line":2,"column":15}},"2":{"start":{"line":3,"column":0},"end":{"line":9,"column":1}}},"fnMap":{},"branchMap":{},"s":{"0":2,"1":2,"2":2},"f":{},"b":{},"_coverageSchema":"1a1c01bbd47fc00a2c39e90264f33305004495a9","hash":"86d7ac452718b183ac96f862b37c8a384947ffbc"}
,"D:\\lichang_web\\JavaScript(42G)\\Nodejs\\hotel-booking\\error-handling\\errorHandler.js": {"path":"D:\\lichang_web\\JavaScript(42G)\\Nodejs\\hotel-booking\\error-handling\\errorHandler.js","statementMap":{"0":{"start":{"line":1,"column":11},"end":{"line":1,"column":13}},"1":{"start":{"line":2,"column":21},"end":{"line":6,"column":1}},"2":{"start":{"line":3,"column":2},"end":{"line":3,"column":18}},"3":{"start":{"line":5,"column":2},"end":{"line":5,"column":38}},"4":{"start":{"line":8,"column":0},"end":{"line":8,"column":33}}},"fnMap":{"0":{"name":"(anonymous_0)","decl":{"start":{"line":2,"column":21},"end":{"line":2,"column":22}},"loc":{"start":{"line":2,"column":32},"end":{"line":6,"column":1}},"line":2}},"branchMap":{},"s":{"0":2,"1":2,"2":4,"3":4,"4":2},"f":{"0":4},"b":{},"_coverageSchema":"1a1c01bbd47fc00a2c39e90264f33305004495a9","hash":"cf34216e88eff249a4c7e416b341947c2c9d0fc4"}
,"D:\\lichang_web\\JavaScript(42G)\\Nodejs\\hotel-booking\\model\\reservation.js": {"path":"D:\\lichang_web\\JavaScript(42G)\\Nodejs\\hotel-booking\\model\\reservation.js","statementMap":{"0":{"start":{"line":1,"column":12},"end":{"line":1,"column":26}},"1":{"start":{"line":3,"column":17},"end":{"line":3,"column":55}},"2":{"start":{"line":5,"column":20},"end":{"line":23,"column":2}},"3":{"start":{"line":28,"column":0},"end":{"line":28,"column":42}}},"fnMap":{},"branchMap":{},"s":{"0":2,"1":2,"2":2,"3":2},"f":{},"b":{},"_coverageSchema":"1a1c01bbd47fc00a2c39e90264f33305004495a9","hash":"b3b273514f311d660dee8d1227389c79324aed16"}
,"D:\\lichang_web\\JavaScript(42G)\\Nodejs\\hotel-booking\\utils\\isValid.js": {"path":"D:\\lichang_web\\JavaScript(42G)\\Nodejs\\hotel-booking\\utils\\isValid.js","statementMap":{"0":{"start":{"line":1,"column":12},"end":{"line":1,"column":26}},"1":{"start":{"line":2,"column":24},"end":{"line":2,"column":55}},"2":{"start":{"line":3,"column":25},"end":{"line":3,"column":66}},"3":{"start":{"line":4,"column":25},"end":{"line":4,"column":45}},"4":{"start":{"line":5,"column":16},"end":{"line":49,"column":1}},"5":{"start":{"line":6,"column":2},"end":{"line":48,"column":3}},"6":{"start":{"line":7,"column":13},"end":{"line":7,"column":42}},"7":{"start":{"line":8,"column":4},"end":{"line":11,"column":5}},"8":{"start":{"line":10,"column":6},"end":{"line":10,"column":40}},"9":{"start":{"line":13,"column":4},"end":{"line":32,"column":5}},"10":{"start":{"line":14,"column":6},"end":{"line":22,"column":7}},"11":{"start":{"line":18,"column":8},"end":{"line":21,"column":9}},"12":{"start":{"line":23,"column":6},"end":{"line":31,"column":7}},"13":{"start":{"line":27,"column":8},"end":{"line":30,"column":9}},"14":{"start":{"line":35,"column":6},"end":{"line":39,"column":8}},"15":{"start":{"line":40,"column":4},"end":{"line":45,"column":5}},"16":{"start":{"line":41,"column":6},"end":{"line":41,"column":41}},"17":{"start":{"line":42,"column":6},"end":{"line":42,"column":14}},"18":{"start":{"line":44,"column":6},"end":{"line":44,"column":50}},"19":{"start":{"line":47,"column":4},"end":{"line":47,"column":19}},"20":{"start":{"line":51,"column":0},"end":{"line":51,"column":28}}},"fnMap":{"0":{"name":"(anonymous_0)","decl":{"start":{"line":5,"column":16},"end":{"line":5,"column":17}},"loc":{"start":{"line":5,"column":43},"end":{"line":49,"column":1}},"line":5}},"branchMap":{"0":{"loc":{"start":{"line":8,"column":4},"end":{"line":11,"column":5}},"type":"if","locations":[{"start":{"line":8,"column":4},"end":{"line":11,"column":5}},{"start":{},"end":{}}],"line":8},"1":{"loc":{"start":{"line":14,"column":6},"end":{"line":22,"column":7}},"type":"if","locations":[{"start":{"line":14,"column":6},"end":{"line":22,"column":7}},{"start":{},"end":{}}],"line":14},"2":{"loc":{"start":{"line":15,"column":8},"end":{"line":16,"column":76}},"type":"binary-expr","locations":[{"start":{"line":15,"column":8},"end":{"line":15,"column":75}},{"start":{"line":16,"column":8},"end":{"line":16,"column":76}}],"line":15},"3":{"loc":{"start":{"line":23,"column":6},"end":{"line":31,"column":7}},"type":"if","locations":[{"start":{"line":23,"column":6},"end":{"line":31,"column":7}},{"start":{},"end":{}}],"line":23},"4":{"loc":{"start":{"line":24,"column":8},"end":{"line":25,"column":77}},"type":"binary-expr","locations":[{"start":{"line":24,"column":8},"end":{"line":24,"column":76}},{"start":{"line":25,"column":8},"end":{"line":25,"column":77}}],"line":24},"5":{"loc":{"start":{"line":40,"column":4},"end":{"line":45,"column":5}},"type":"if","locations":[{"start":{"line":40,"column":4},"end":{"line":45,"column":5}},{"start":{"line":43,"column":11},"end":{"line":45,"column":5}}],"line":40},"6":{"loc":{"start":{"line":40,"column":8},"end":{"line":40,"column":28}},"type":"binary-expr","locations":[{"start":{"line":40,"column":8},"end":{"line":40,"column":16}},{"start":{"line":40,"column":20},"end":{"line":40,"column":28}}],"line":40}},"s":{"0":2,"1":2,"2":2,"3":2,"4":2,"5":23,"6":23,"7":23,"8":18,"9":5,"10":5,"11":2,"12":3,"13":1,"14":2,"15":2,"16":1,"17":1,"18":1,"19":0,"20":2},"f":{"0":23},"b":{"0":[18,5],"1":[2,3],"2":[5,3],"3":[1,2],"4":[3,2],"5":[1,1],"6":[2,1]},"_coverageSchema":"1a1c01bbd47fc00a2c39e90264f33305004495a9","hash":"aa29be084899c9390ba3d8302913cd82a874a6af"}
}
