TN:
SF:app.js
FN:8,(anonymous_0)
FN:12,(anonymous_1)
FNF:2
FNH:1
FNDA:10,(anonymous_0)
FNDA:0,(anonymous_1)
DA:1,1
DA:2,1
DA:3,1
DA:4,1
DA:5,1
DA:6,1
DA:8,1
DA:9,10
DA:10,10
DA:12,1
DA:13,0
DA:14,0
DA:15,0
DA:20,1
DA:22,1
LF:15
LH:12
BRDA:13,0,0,0
BRDA:13,0,1,0
BRF:2
BRH:0
end_of_record
TN:
SF:API\controllers\presidential.controller.js
FN:17,(anonymous_0)
FN:40,(anonymous_1)
FN:49,(anonymous_2)
FN:65,(anonymous_3)
FN:75,(anonymous_4)
FNF:5
FNH:5
FNDA:2,(anonymous_0)
FNDA:3,(anonymous_1)
FNDA:3,(anonymous_2)
FNDA:2,(anonymous_3)
FNDA:2,(anonymous_4)
DA:1,1
DA:2,1
DA:3,1
DA:5,1
DA:17,1
DA:18,2
DA:19,2
DA:20,2
DA:21,2
DA:22,1
DA:25,1
DA:26,1
DA:30,1
DA:32,1
DA:33,1
DA:34,0
DA:36,1
DA:40,1
DA:41,3
DA:42,3
DA:44,3
DA:45,3
DA:46,1
DA:49,3
DA:50,2
DA:51,1
DA:57,1
DA:59,2
DA:61,2
DA:65,1
DA:66,2
DA:67,2
DA:68,2
DA:70,2
DA:71,0
DA:75,2
DA:76,2
DA:77,1
DA:83,1
DA:84,1
DA:86,1
DA:88,1
DA:92,1
LF:43
LH:41
BRDA:21,0,0,1
BRDA:21,0,1,1
BRDA:33,1,0,0
BRDA:33,1,1,1
BRDA:45,2,0,1
BRDA:45,2,1,2
BRDA:50,3,0,1
BRDA:50,3,1,1
BRDA:70,4,0,0
BRDA:70,4,1,2
BRDA:76,5,0,1
BRDA:76,5,1,1
BRF:12
BRH:10
end_of_record
TN:
SF:API\routes\index.js
FN:5,(anonymous_0)
FN:9,(anonymous_1)
FNF:2
FNH:2
FNDA:1,(anonymous_0)
FNDA:1,(anonymous_1)
DA:1,1
DA:2,1
DA:3,1
DA:5,1
DA:6,1
DA:8,1
DA:9,1
DA:10,1
DA:12,1
LF:9
LH:9
BRF:0
BRH:0
end_of_record
TN:
SF:API\routes\presidential.route.js
FN:11,(anonymous_0)
FNF:1
FNH:1
FNDA:1,(anonymous_0)
DA:1,1
DA:2,1
DA:8,1
DA:10,1
DA:11,1
DA:12,1
DA:15,1
DA:17,1
DA:19,1
DA:21,1
LF:10
LH:10
BRF:0
BRH:0
end_of_record
TN:
SF:config\index.js
FNF:0
FNH:0
DA:1,2
DA:2,2
DA:3,2
LF:3
LH:3
BRF:0
BRH:0
end_of_record
TN:
SF:error-handling\errorHandler.js
FN:2,(anonymous_0)
FNF:1
FNH:1
FNDA:4,(anonymous_0)
DA:1,2
DA:2,2
DA:3,4
DA:5,4
DA:8,2
LF:5
LH:5
BRF:0
BRH:0
end_of_record
TN:
SF:model\reservation.js
FNF:0
FNH:0
DA:1,2
DA:3,2
DA:5,2
DA:28,2
LF:4
LH:4
BRF:0
BRH:0
end_of_record
TN:
SF:utils\isValid.js
FN:5,(anonymous_0)
FNF:1
FNH:1
FNDA:23,(anonymous_0)
DA:1,2
DA:2,2
DA:3,2
DA:4,2
DA:5,2
DA:6,23
DA:7,23
DA:8,23
DA:10,18
DA:13,5
DA:14,5
DA:18,2
DA:23,3
DA:27,1
DA:35,2
DA:40,2
DA:41,1
DA:42,1
DA:44,1
DA:47,0
DA:51,2
LF:21
LH:20
BRDA:8,0,0,18
BRDA:8,0,1,5
BRDA:14,1,0,2
BRDA:14,1,1,3
BRDA:15,2,0,5
BRDA:15,2,1,3
BRDA:23,3,0,1
BRDA:23,3,1,2
BRDA:24,4,0,3
BRDA:24,4,1,2
BRDA:40,5,0,1
BRDA:40,5,1,1
BRDA:40,6,0,2
BRDA:40,6,1,1
BRF:14
BRH:14
end_of_record
